<?xml version="1.0" encoding="UTF-8"?>
<!-- Generated by org.testng.reporters.JUnitReportReporter -->
<testsuite hostname="LAPTOP-ALTP8E0H" failures="0" tests="1" name="com.TestNG2.Amazon" time="7.685" errors="0" timestamp="2025-04-20T21:10:18 IST" skipped="0">
  <testcase classname="com.TestNG2.Amazon" name="OpenAmazon" time="7.685"/>
  <system-out/>
</testsuite> <!-- com.TestNG2.Amazon -->
