<?xml version="1.0" encoding="UTF-8"?>
<!-- Generated by org.testng.reporters.JUnitReportReporter -->
<testsuite hostname="LAPTOP-ALTP8E0H" failures="0" tests="1" name="com.Browserlaunch.Datadrivenbrowse" time="17.621" errors="0" timestamp="2025-04-13T13:38:38 IST" skipped="0">
  <testcase classname="com.Browserlaunch.Datadrivenbrowse" name="xcelfile" time="17.621"/>
  <system-out/>
</testsuite> <!-- com.Browserlaunch.Datadrivenbrowse -->
