<?xml version="1.0" encoding="UTF-8"?>
<!-- Generated by org.testng.reporters.JUnitReportReporter -->
<testsuite hostname="LAPTOP-ALTP8E0H" failures="0" tests="1" name="com.TestNG2.Amazon" time="5.210" errors="0" timestamp="2025-04-17T13:05:19 IST" skipped="0">
  <testcase classname="com.TestNG2.Amazon" name="OpenAmazon" time="5.210"/>
  <system-out/>
</testsuite> <!-- com.TestNG2.Amazon -->
