<?xml version="1.0" encoding="UTF-8"?>
<!-- Generated by org.testng.reporters.JUnitReportReporter -->
<testsuite hostname="LAPTOP-ALTP8E0H" failures="0" tests="4" name="myntra.com.Myntra" time="12.467" errors="0" timestamp="2025-04-12T13:09:41 IST" skipped="0">
  <testcase classname="myntra.com.Myntra" name="openmyntra" time="5.379"/>
  <system-out/>
  <testcase classname="myntra.com.Myntra" name="move_to_men_and_click_Tshirt" time="2.989"/>
  <system-out/>
  <testcase classname="myntra.com.Myntra" name="pick_an_element_based_on_condition" time="3.560"/>
  <system-out/>
  <testcase classname="myntra.com.Myntra" name="takesscreenshot" time="0.539"/>
  <system-out/>
</testsuite> <!-- myntra.com.Myntra -->
