<?xml version="1.0" encoding="UTF-8"?>
<!-- Generated by org.testng.reporters.JUnitReportReporter -->
<testsuite hostname="LAPTOP-ALTP8E0H" failures="0" tests="4" name="myntra.com.Myntra" time="15.791" errors="0" timestamp="2025-04-20T09:41:02 IST" skipped="0">
  <testcase classname="myntra.com.Myntra" name="openmyntra" time="7.841"/>
  <system-out/>
  <testcase classname="myntra.com.Myntra" name="move_to_men_and_click_Tshirt" time="0.358"/>
  <system-out/>
  <testcase classname="myntra.com.Myntra" name="pick_an_element_based_on_condition" time="7.210"/>
  <system-out/>
  <testcase classname="myntra.com.Myntra" name="takesscreenshot" time="0.382"/>
  <system-out/>
</testsuite> <!-- myntra.com.Myntra -->
